[09:35:27] [INFO] [blip_wire_plane_dataset_loader]: constructing dataset loader.
[09:35:27] [INFO] [blip_wire_plane_dataset_loader]: batch_size:  2.
[09:35:27] [INFO] [blip_wire_plane_dataset_loader]: test_split:  0.0.
[09:35:27] [INFO] [blip_wire_plane_dataset_loader]: test_seed:   100.
[09:35:27] [INFO] [blip_wire_plane_dataset_loader]: validation_split: 0.2.
[09:35:27] [INFO] [blip_wire_plane_dataset_loader]: validation_seed: 100.
[09:35:27] [INFO] [blip_wire_plane_dataset_loader]: num_workers: 4.
[09:35:27] [INFO] [blip_wire_plane_dataset_loader]: use_sample_weights: False.
[09:35:27] [INFO] [blip_wire_plane_dataset_loader]: use_class_weights: False.
[09:35:27] [INFO] [blip_wire_plane_dataset_loader]: number of total samples: 5.
[09:35:27] [INFO] [blip_wire_plane_dataset_loader]: number of all batches: 3.
[09:35:27] [INFO] [blip_wire_plane_dataset_loader]: number of total training samples: 5
[09:35:27] [INFO] [blip_wire_plane_dataset_loader]: number of test samples: 0
[09:35:27] [INFO] [blip_wire_plane_dataset_loader]: number of test batches: 0
[09:35:27] [INFO] [blip_wire_plane_dataset_loader]: number of training samples: 4
[09:35:27] [INFO] [blip_wire_plane_dataset_loader]: number of training batches per epoch: 2
[09:35:27] [INFO] [blip_wire_plane_dataset_loader]: number of validation samples: 1
[09:35:27] [INFO] [blip_wire_plane_dataset_loader]: number of validation batches per epoch: 1
[09:35:27] [INFO] [blip_wire_plane_dataset_loader]: created train/test split with random seed: 100.
[09:35:27] [INFO] [blip_wire_plane_dataset_loader]: created train/validation split with random seed: 100.
